<?xml version="1.0" encoding="UTF-8"?>
<robot generator="Robot 7.1.1 (Python 3.12.1 on win32)" generated="2024-12-20T22:59:07.366191" rpa="false" schemaversion="5">
<suite id="s1" name="lunchKeyword3" source="C:\Github\cpsc-542-selenium\ning_files\lunchKeyword3.robot">
<test id="s1-t1" name="Get to Lunch App" line="10">
<kw name="Open Browser To Login Page">
<kw name="Open Browser" owner="SeleniumLibrary">
<msg time="2024-12-20T22:59:07.532356" level="INFO">Opening browser 'Chrome' to base url 'http://localhost:8069/web/login/'.</msg>
<arg>${LOGIN URL}</arg>
<arg>${BROWSER}</arg>
<doc>Opens a new browser instance to the optional ``url``.</doc>
<status status="PASS" start="2024-12-20T22:59:07.532356" elapsed="2.321134"/>
</kw>
<kw name="Title Should Be" owner="SeleniumLibrary">
<msg time="2024-12-20T22:59:09.857535" level="INFO">Page title is 'Login | My Website'.</msg>
<arg>Login | My Website</arg>
<doc>Verifies that the current page title equals ``title``.</doc>
<status status="PASS" start="2024-12-20T22:59:09.853490" elapsed="0.004045"/>
</kw>
<status status="PASS" start="2024-12-20T22:59:07.527592" elapsed="2.329943"/>
</kw>
<kw name="Sleep" owner="BuiltIn">
<msg time="2024-12-20T22:59:12.858334" level="INFO">Slept 3 seconds.</msg>
<arg>3s</arg>
<doc>Pauses the test executed for the given time.</doc>
<status status="PASS" start="2024-12-20T22:59:09.858042" elapsed="3.000292"/>
</kw>
<kw name="Input Username">
<kw name="Input Text" owner="SeleniumLibrary">
<msg time="2024-12-20T22:59:12.858334" level="INFO">Typing text 'haroldoalt@gmail.com' into text field 'login'.</msg>
<arg>login</arg>
<arg>${username}</arg>
<doc>Types the given ``text`` into the text field identified by ``locator``.</doc>
<status status="PASS" start="2024-12-20T22:59:12.858334" elapsed="0.070840"/>
</kw>
<arg>haroldoalt@gmail.com</arg>
<status status="PASS" start="2024-12-20T22:59:12.858334" elapsed="0.070840"/>
</kw>
<kw name="Sleep" owner="BuiltIn">
<msg time="2024-12-20T22:59:15.929984" level="INFO">Slept 3 seconds.</msg>
<arg>3s</arg>
<doc>Pauses the test executed for the given time.</doc>
<status status="PASS" start="2024-12-20T22:59:12.929174" elapsed="3.000810"/>
</kw>
<kw name="Input Password">
<kw name="Input Text" owner="SeleniumLibrary">
<msg time="2024-12-20T22:59:15.932598" level="INFO">Typing text 'openpgpwd' into text field 'password'.</msg>
<arg>password</arg>
<arg>${password}</arg>
<doc>Types the given ``text`` into the text field identified by ``locator``.</doc>
<status status="PASS" start="2024-12-20T22:59:15.929984" elapsed="0.059873"/>
</kw>
<arg>openpgpwd</arg>
<status status="PASS" start="2024-12-20T22:59:15.929984" elapsed="0.059873"/>
</kw>
<kw name="Submit Credentials">
<kw name="Click Element" owner="SeleniumLibrary">
<msg time="2024-12-20T22:59:15.989857" level="INFO">Clicking element '//*[contains(text(),'Log in')]'.</msg>
<arg>//*[contains(text(),'Log in')]</arg>
<doc>Click the element identified by ``locator``.</doc>
<status status="PASS" start="2024-12-20T22:59:15.989857" elapsed="1.911194"/>
</kw>
<status status="PASS" start="2024-12-20T22:59:15.989857" elapsed="1.911194"/>
</kw>
<kw name="Sleep" owner="BuiltIn">
<msg time="2024-12-20T22:59:20.902127" level="INFO">Slept 3 seconds.</msg>
<arg>3s</arg>
<doc>Pauses the test executed for the given time.</doc>
<status status="PASS" start="2024-12-20T22:59:17.901652" elapsed="3.000475"/>
</kw>
<kw name="Welcome Page Should Be Open">
<kw name="Title Should Be" owner="SeleniumLibrary">
<msg time="2024-12-20T22:59:20.910183" level="INFO">Page title is 'Odoo - Discuss'.</msg>
<arg>Odoo - Discuss</arg>
<doc>Verifies that the current page title equals ``title``.</doc>
<status status="PASS" start="2024-12-20T22:59:20.904672" elapsed="0.005511"/>
</kw>
<status status="PASS" start="2024-12-20T22:59:20.902127" elapsed="0.008056"/>
</kw>
<kw name="Sleep" owner="BuiltIn">
<msg time="2024-12-20T22:59:23.910917" level="INFO">Slept 3 seconds.</msg>
<arg>3s</arg>
<doc>Pauses the test executed for the given time.</doc>
<status status="PASS" start="2024-12-20T22:59:20.910183" elapsed="3.000734"/>
</kw>
<kw name="Click Menu">
<kw name="Click Element" owner="SeleniumLibrary">
<msg time="2024-12-20T22:59:23.910917" level="INFO">Clicking element 'xpath=//button[@title="Home Menu"]'.</msg>
<arg>xpath=//button[@title="Home Menu"]</arg>
<doc>Click the element identified by ``locator``.</doc>
<status status="PASS" start="2024-12-20T22:59:23.910917" elapsed="0.044270"/>
</kw>
<status status="PASS" start="2024-12-20T22:59:23.910917" elapsed="0.044270"/>
</kw>
<kw name="Sleep" owner="BuiltIn">
<msg time="2024-12-20T22:59:26.955878" level="INFO">Slept 3 seconds.</msg>
<arg>3s</arg>
<doc>Pauses the test executed for the given time.</doc>
<status status="PASS" start="2024-12-20T22:59:23.955187" elapsed="3.000691"/>
</kw>
<kw name="Click Lunch">
<kw name="Click Element" owner="SeleniumLibrary">
<msg time="2024-12-20T22:59:26.955878" level="INFO">Clicking element '//*[contains(text(),'Lunch')]'.</msg>
<arg>//*[contains(text(),'Lunch')]</arg>
<doc>Click the element identified by ``locator``.</doc>
<status status="PASS" start="2024-12-20T22:59:26.955878" elapsed="0.039405"/>
</kw>
<status status="PASS" start="2024-12-20T22:59:26.955878" elapsed="0.039405"/>
</kw>
<kw name="Sleep" owner="BuiltIn">
<msg time="2024-12-20T22:59:29.995738" level="INFO">Slept 3 seconds.</msg>
<arg>3s</arg>
<doc>Pauses the test executed for the given time.</doc>
<status status="PASS" start="2024-12-20T22:59:26.995283" elapsed="3.000455"/>
</kw>
<status status="PASS" start="2024-12-20T22:59:07.527592" elapsed="22.468146"/>
</test>
<test id="s1-t2" name="Go To Orders" line="24">
<kw name="Click My Lunch">
<kw name="Click Element" owner="SeleniumLibrary">
<msg time="2024-12-20T22:59:29.999325" level="INFO">Clicking element '//*[contains(text(),'My Lunch')]'.</msg>
<arg>//*[contains(text(),'My Lunch')]</arg>
<doc>Click the element identified by ``locator``.</doc>
<status status="PASS" start="2024-12-20T22:59:29.999325" elapsed="0.048224"/>
</kw>
<status status="PASS" start="2024-12-20T22:59:29.999325" elapsed="0.048224"/>
</kw>
<kw name="Sleep" owner="BuiltIn">
<msg time="2024-12-20T22:59:33.048392" level="INFO">Slept 3 seconds.</msg>
<arg>3s</arg>
<doc>Pauses the test executed for the given time.</doc>
<status status="PASS" start="2024-12-20T22:59:30.047549" elapsed="3.000843"/>
</kw>
<kw name="Click My Order History">
<kw name="Click Element" owner="SeleniumLibrary">
<msg time="2024-12-20T22:59:33.050441" level="INFO">Clicking element '//*[contains(text(),'My Order History')]'.</msg>
<arg>//*[contains(text(),'My Order History')]</arg>
<doc>Click the element identified by ``locator``.</doc>
<status status="PASS" start="2024-12-20T22:59:33.050441" elapsed="0.039281"/>
</kw>
<status status="PASS" start="2024-12-20T22:59:33.048392" elapsed="0.041330"/>
</kw>
<kw name="Sleep" owner="BuiltIn">
<msg time="2024-12-20T22:59:36.090097" level="INFO">Slept 3 seconds.</msg>
<arg>3s</arg>
<doc>Pauses the test executed for the given time.</doc>
<status status="PASS" start="2024-12-20T22:59:33.089722" elapsed="3.000375"/>
</kw>
<kw name="Expand Date">
<kw name="Click Element" owner="SeleniumLibrary">
<msg time="2024-12-20T22:59:36.092937" level="INFO">Clicking element '//*[contains(@class, 'o_group_name')]'.</msg>
<arg>//*[contains(@class, 'o_group_name')]</arg>
<doc>Click the element identified by ``locator``.</doc>
<status status="PASS" start="2024-12-20T22:59:36.092689" elapsed="0.043674"/>
</kw>
<status status="PASS" start="2024-12-20T22:59:36.090097" elapsed="0.046266"/>
</kw>
<kw name="Sleep" owner="BuiltIn">
<msg time="2024-12-20T22:59:39.137467" level="INFO">Slept 3 seconds.</msg>
<arg>3s</arg>
<doc>Pauses the test executed for the given time.</doc>
<status status="PASS" start="2024-12-20T22:59:36.136963" elapsed="3.000504"/>
</kw>
<kw name="Price Should Not Be Empty">
<kw name="Get Text" owner="SeleniumLibrary">
<msg time="2024-12-20T22:59:39.145522" level="INFO">${price} = $ 5.50</msg>
<var>${price}</var>
<arg>xpath=//span[@name="price"]</arg>
<doc>Returns the text value of the element identified by ``locator``.</doc>
<status status="PASS" start="2024-12-20T22:59:39.137467" elapsed="0.008055"/>
</kw>
<kw name="Should Not Be Empty" owner="BuiltIn">
<msg time="2024-12-20T22:59:39.145522" level="INFO">Length is 6.</msg>
<arg>${price}</arg>
<doc>Verifies that the given item is not empty.</doc>
<status status="PASS" start="2024-12-20T22:59:39.145522" elapsed="0.000000"/>
</kw>
<status status="PASS" start="2024-12-20T22:59:39.137467" elapsed="0.008055"/>
</kw>
<kw name="Product Name Should Not Be Empty">
<kw name="Get Text" owner="SeleniumLibrary">
<msg time="2024-12-20T22:59:39.161498" level="INFO">${product} = 4 Formaggi</msg>
<var>${product}</var>
<arg>xpath=//td[@name="product_id"]</arg>
<doc>Returns the text value of the element identified by ``locator``.</doc>
<status status="PASS" start="2024-12-20T22:59:39.145522" elapsed="0.015976"/>
</kw>
<kw name="Should Not Be Empty" owner="BuiltIn">
<msg time="2024-12-20T22:59:39.161498" level="INFO">Length is 10.</msg>
<arg>${product}</arg>
<doc>Verifies that the given item is not empty.</doc>
<status status="PASS" start="2024-12-20T22:59:39.161498" elapsed="0.000000"/>
</kw>
<status status="PASS" start="2024-12-20T22:59:39.145522" elapsed="0.015976"/>
</kw>
<kw name="Close Browser" owner="SeleniumLibrary" type="TEARDOWN">
<doc>Closes the current browser.</doc>
<status status="PASS" start="2024-12-20T22:59:39.161498" elapsed="2.120998"/>
</kw>
<status status="PASS" start="2024-12-20T22:59:29.995738" elapsed="11.286758"/>
</test>
<doc>Simple example using SeleniumLibrary.</doc>
<status status="PASS" start="2024-12-20T22:59:07.366191" elapsed="33.916305"/>
</suite>
<statistics>
<total>
<stat pass="2" fail="0" skip="0">All Tests</stat>
</total>
<tag>
</tag>
<suite>
<stat pass="2" fail="0" skip="0" id="s1" name="lunchKeyword3">lunchKeyword3</stat>
</suite>
</statistics>
<errors>
</errors>
</robot>
